Using pre-set license
Built from '2020.2/release' branch; Version is '2020.2.1f1 (270dd8c3da1c) revision 2559448'; Using compiler version '192528614'; Build Type 'Release'
OS: 'Windows 10  (10.0.0) 64bit' Language: 'en' Physical Memory: 16234 MB
BatchMode: 1, IsHumanControllingUs: 0, StartBugReporterOnCrash: 0, Is64bit: 1, IsPro: 0

 COMMAND LINE ARGUMENTS:
C:\Program Files\Unity\Hub\Editor\2020.2.1f1\Editor\Unity.exe
-adb2
-batchMode
-noUpm
-name
AssetImportWorker0
-projectPath
C:/Users/David/OneDrive/Documents/GitHub/Unity-stuff/Arcade Game
-logFile
Logs/AssetImportWorker0.log
-srvPort
58838
Successfully changed project path to: C:/Users/David/OneDrive/Documents/GitHub/Unity-stuff/Arcade Game
C:/Users/David/OneDrive/Documents/GitHub/Unity-stuff/Arcade Game
Using Asset Import Pipeline V2.
Refreshing native plugins compatible for Editor in 42.85 ms, found 0 plugins.
Preloading 0 native plugins for Editor in 0.00 ms.
Initialize engine version: 2020.2.1f1 (270dd8c3da1c)
[Subsystems] Discovering subsystems at path C:/Program Files/Unity/Hub/Editor/2020.2.1f1/Editor/Data/Resources/UnitySubsystems
[Subsystems] Discovering subsystems at path C:/Users/David/OneDrive/Documents/GitHub/Unity-stuff/Arcade Game/Assets
GfxDevice: creating device client; threaded=0
Direct3D:
    Version:  Direct3D 11.0 [level 11.1]
    Renderer: NVIDIA GeForce RTX 2060 (ID=0x1f11)
    Vendor:   
    VRAM:     5980 MB
    Driver:   26.21.14.3187
Initialize mono
Mono path[0] = 'C:/Program Files/Unity/Hub/Editor/2020.2.1f1/Editor/Data/Managed'
Mono path[1] = 'C:/Program Files/Unity/Hub/Editor/2020.2.1f1/Editor/Data/MonoBleedingEdge/lib/mono/unityjit'
Mono config path = 'C:/Program Files/Unity/Hub/Editor/2020.2.1f1/Editor/Data/MonoBleedingEdge/etc'
Using monoOptions --debugger-agent=transport=dt_socket,embedding=1,server=y,suspend=n,address=127.0.0.1:56040
Begin MonoManager ReloadAssembly
Registering precompiled unity dll's ...
Register platform support module: C:/Program Files/Unity/Hub/Editor/2020.2.1f1/Editor/Data/PlaybackEngines/WindowsStandaloneSupport/UnityEditor.WindowsStandalone.Extensions.dll
Registered in 0.001917 seconds.
Native extension for WindowsStandalone target not found
Refreshing native plugins compatible for Editor in 22.04 ms, found 0 plugins.
Preloading 0 native plugins for Editor in 0.00 ms.
Invoked RoslynAnalysisRunner static constructor.
RoslynAnalysisRunner will not be running.
RoslynAnalysisRunner has terminated.
Mono: successfully reloaded assembly
- Completed reload, in  1.062 seconds
Platform modules already initialized, skipping
Registering precompiled user dll's ...
Registered in 0.000856 seconds.
Begin MonoManager ReloadAssembly
Native extension for WindowsStandalone target not found
Refreshing native plugins compatible for Editor in 0.21 ms, found 0 plugins.
Preloading 0 native plugins for Editor in 0.00 ms.
Invoked RoslynAnalysisRunner static constructor.
RoslynAnalysisRunner will not be running.
RoslynAnalysisRunner has terminated.
Mono: successfully reloaded assembly
- Completed reload, in  0.849 seconds
Platform modules already initialized, skipping
========================================================================
Worker process is ready to serve import requests
Launched and connected shader compiler UnityShaderCompiler.exe after 0.04 seconds
Refreshing native plugins compatible for Editor in 0.19 ms, found 0 plugins.
Preloading 0 native plugins for Editor in 0.00 ms.
Unloading 1094 Unused Serialized files (Serialized files now loaded: 0)
System memory in use before: 56.4 MB.
System memory in use after: 56.4 MB.

Unloading 10 unused Assets to reduce memory usage. Loaded Objects now: 1535.
Total: 1.543200 ms (FindLiveObjects: 0.123100 ms CreateObjectMapping: 0.039700 ms MarkObjects: 1.319400 ms  DeleteObjects: 0.059800 ms)

========================================================================
Received Import Request.
  path: Assets/Scenes
  artifactKey: Guid(57f254469ee70da419d7f3f87554c64a) Importer(815301076,1909f56bfc062723c751e8b465ee728b)
Start importing Assets/Scenes using Guid(57f254469ee70da419d7f3f87554c64a) Importer(815301076,1909f56bfc062723c751e8b465ee728b)  -> (artifact id: '8706ef7eefd0ba5634f12e20123d54aa') in 0.008141 seconds
  Import took 0.011619 seconds .

========================================================================
Received Import Request.
  Time since last request: 50.183412 seconds.
  path: Assets/background.blend
  artifactKey: Guid(fccb3e3c293e16941af0da0b7b96ca20) Importer(815301076,1909f56bfc062723c751e8b465ee728b)
Start importing Assets/background.blend using Guid(fccb3e3c293e16941af0da0b7b96ca20) Importer(815301076,1909f56bfc062723c751e8b465ee728b)  -> (artifact id: '60e278ea8d9bd97a62f1a9239c99af12') in 0.168723 seconds
  Import took 0.171877 seconds .

========================================================================
Received Import Request.
  Time since last request: 240.730712 seconds.
  path: Assets/background.blend
  artifactKey: Guid(fccb3e3c293e16941af0da0b7b96ca20) Importer(815301076,1909f56bfc062723c751e8b465ee728b)
Start importing Assets/background.blend using Guid(fccb3e3c293e16941af0da0b7b96ca20) Importer(815301076,1909f56bfc062723c751e8b465ee728b)  -> (artifact id: '157a47cc12382c86f92200450cf8f3e0') in 0.038767 seconds
  Import took 0.042353 seconds .

========================================================================
Received Import Request.
  Time since last request: 17.161392 seconds.
  path: Assets/background.blend
  artifactKey: Guid(fccb3e3c293e16941af0da0b7b96ca20) Importer(815301076,1909f56bfc062723c751e8b465ee728b)
Start importing Assets/background.blend using Guid(fccb3e3c293e16941af0da0b7b96ca20) Importer(815301076,1909f56bfc062723c751e8b465ee728b)  -> (artifact id: '7e98bb467e5f2daf5da5c6db3cef97cd') in 0.036100 seconds
  Import took 0.039258 seconds .

========================================================================
Received Import Request.
  Time since last request: 76.717483 seconds.
  path: Assets/background.blend
  artifactKey: Guid(fccb3e3c293e16941af0da0b7b96ca20) Importer(815301076,1909f56bfc062723c751e8b465ee728b)
Start importing Assets/background.blend using Guid(fccb3e3c293e16941af0da0b7b96ca20) Importer(815301076,1909f56bfc062723c751e8b465ee728b)  -> (artifact id: '1a98c11eaec1f09023923eb4b4335902') in 0.033112 seconds
  Import took 0.036200 seconds .

========================================================================
Received Import Request.
  Time since last request: 102.579247 seconds.
  path: Assets/background.blend
  artifactKey: Guid(fccb3e3c293e16941af0da0b7b96ca20) Importer(815301076,1909f56bfc062723c751e8b465ee728b)
Start importing Assets/background.blend using Guid(fccb3e3c293e16941af0da0b7b96ca20) Importer(815301076,1909f56bfc062723c751e8b465ee728b)  -> (artifact id: 'c203458e96ff452807bbefedae77b41c') in 0.034855 seconds
  Import took 0.037855 seconds .

========================================================================
Received Import Request.
  Time since last request: 23.374675 seconds.
  path: Assets/background.blend
  artifactKey: Guid(fccb3e3c293e16941af0da0b7b96ca20) Importer(815301076,1909f56bfc062723c751e8b465ee728b)
Start importing Assets/background.blend using Guid(fccb3e3c293e16941af0da0b7b96ca20) Importer(815301076,1909f56bfc062723c751e8b465ee728b)  -> (artifact id: 'dadcb7be7a594b0e2c9c2b7367ce395a') in 0.036873 seconds
  Import took 0.040824 seconds .

========================================================================
Received Import Request.
  Time since last request: 15.219041 seconds.
  path: Assets/background.blend
  artifactKey: Guid(fccb3e3c293e16941af0da0b7b96ca20) Importer(815301076,1909f56bfc062723c751e8b465ee728b)
Start importing Assets/background.blend using Guid(fccb3e3c293e16941af0da0b7b96ca20) Importer(815301076,1909f56bfc062723c751e8b465ee728b)  -> (artifact id: 'dd3babfd5396e188c7ae7542c7af5f7b') in 0.034422 seconds
  Import took 0.037147 seconds .

========================================================================
Received Import Request.
  Time since last request: 54.014368 seconds.
  path: Assets/background.blend
  artifactKey: Guid(fccb3e3c293e16941af0da0b7b96ca20) Importer(815301076,1909f56bfc062723c751e8b465ee728b)
Start importing Assets/background.blend using Guid(fccb3e3c293e16941af0da0b7b96ca20) Importer(815301076,1909f56bfc062723c751e8b465ee728b)  -> (artifact id: '84f36c32a5d74019c4504b30856f5cf4') in 0.033510 seconds
  Import took 0.037262 seconds .

========================================================================
Received Import Request.
  Time since last request: 22.233860 seconds.
  path: Assets/background.blend
  artifactKey: Guid(fccb3e3c293e16941af0da0b7b96ca20) Importer(815301076,1909f56bfc062723c751e8b465ee728b)
Start importing Assets/background.blend using Guid(fccb3e3c293e16941af0da0b7b96ca20) Importer(815301076,1909f56bfc062723c751e8b465ee728b)  -> (artifact id: '011c0664f2631848290b248a15139aa0') in 0.034929 seconds
  Import took 0.038876 seconds .

========================================================================
Received Import Request.
  Time since last request: 46.274489 seconds.
  path: Assets/enemy ship.blend
  artifactKey: Guid(f20be16f7f5f0b94eb72a21aab9422ba) Importer(815301076,1909f56bfc062723c751e8b465ee728b)
Start importing Assets/enemy ship.blend using Guid(f20be16f7f5f0b94eb72a21aab9422ba) Importer(815301076,1909f56bfc062723c751e8b465ee728b)  -> (artifact id: 'b6345af71964cd229731fa800cfa4983') in 0.045745 seconds
  Import took 0.049407 seconds .

========================================================================
Received Import Request.
  Time since last request: 18.677806 seconds.
  path: Assets/background.blend
  artifactKey: Guid(fccb3e3c293e16941af0da0b7b96ca20) Importer(815301076,1909f56bfc062723c751e8b465ee728b)
Start importing Assets/background.blend using Guid(fccb3e3c293e16941af0da0b7b96ca20) Importer(815301076,1909f56bfc062723c751e8b465ee728b)  -> (artifact id: '7302b89a9cbe3303c649848b71850d0a') in 0.033546 seconds
  Import took 0.036390 seconds .

========================================================================
Received Import Request.
  Time since last request: 91.681917 seconds.
  path: Assets/enemy ship.blend
  artifactKey: Guid(f20be16f7f5f0b94eb72a21aab9422ba) Importer(815301076,1909f56bfc062723c751e8b465ee728b)
Start importing Assets/enemy ship.blend using Guid(f20be16f7f5f0b94eb72a21aab9422ba) Importer(815301076,1909f56bfc062723c751e8b465ee728b)  -> (artifact id: 'dd1db0afd9e858fc96ea3d80d0f5e8c3') in 0.046781 seconds
  Import took 0.050852 seconds .

========================================================================
Received Import Request.
  Time since last request: 34.413750 seconds.
  path: Assets/background.blend
  artifactKey: Guid(fccb3e3c293e16941af0da0b7b96ca20) Importer(815301076,1909f56bfc062723c751e8b465ee728b)
Start importing Assets/background.blend using Guid(fccb3e3c293e16941af0da0b7b96ca20) Importer(815301076,1909f56bfc062723c751e8b465ee728b)  -> (artifact id: 'eaaae4f807583de213debc2831dd6fbc') in 0.039853 seconds
  Import took 0.043380 seconds .

========================================================================
Received Import Request.
  Time since last request: 876.102817 seconds.
  path: Assets/background.blend
  artifactKey: Guid(fccb3e3c293e16941af0da0b7b96ca20) Importer(815301076,1909f56bfc062723c751e8b465ee728b)
Start importing Assets/background.blend using Guid(fccb3e3c293e16941af0da0b7b96ca20) Importer(815301076,1909f56bfc062723c751e8b465ee728b)  -> (artifact id: '4fa1d6a67d814fb131059095c6939401') in 0.053327 seconds
  Import took 0.056842 seconds .

========================================================================
Received Import Request.
  Time since last request: 30.787027 seconds.
  path: Assets/background.blend
  artifactKey: Guid(fccb3e3c293e16941af0da0b7b96ca20) Importer(815301076,1909f56bfc062723c751e8b465ee728b)
Start importing Assets/background.blend using Guid(fccb3e3c293e16941af0da0b7b96ca20) Importer(815301076,1909f56bfc062723c751e8b465ee728b)  -> (artifact id: 'df1080386d683bd4e07f3d5fb9826184') in 0.035698 seconds
  Import took 0.038295 seconds .

========================================================================
Received Import Request.
  Time since last request: 50.573365 seconds.
  path: Assets/background.blend
  artifactKey: Guid(fccb3e3c293e16941af0da0b7b96ca20) Importer(815301076,1909f56bfc062723c751e8b465ee728b)
Start importing Assets/background.blend using Guid(fccb3e3c293e16941af0da0b7b96ca20) Importer(815301076,1909f56bfc062723c751e8b465ee728b)  -> (artifact id: '5252b38d4826ca38ad478a291dc4881f') in 0.041814 seconds
  Import took 0.045468 seconds .

========================================================================
Received Import Request.
  Time since last request: 103.022839 seconds.
  path: Assets/enemy ship.blend
  artifactKey: Guid(f20be16f7f5f0b94eb72a21aab9422ba) Importer(815301076,1909f56bfc062723c751e8b465ee728b)
Start importing Assets/enemy ship.blend using Guid(f20be16f7f5f0b94eb72a21aab9422ba) Importer(815301076,1909f56bfc062723c751e8b465ee728b)  -> (artifact id: '01e831780b69edde8bda0481d3c9e338') in 0.046977 seconds
  Import took 0.050834 seconds .

========================================================================
Received Import Request.
  Time since last request: 38.859546 seconds.
  path: Assets/background.blend
  artifactKey: Guid(fccb3e3c293e16941af0da0b7b96ca20) Importer(815301076,1909f56bfc062723c751e8b465ee728b)
Start importing Assets/background.blend using Guid(fccb3e3c293e16941af0da0b7b96ca20) Importer(815301076,1909f56bfc062723c751e8b465ee728b)  -> (artifact id: 'f18d5642b2ea806059b2538d1e01e780') in 0.040949 seconds
  Import took 0.044685 seconds .

========================================================================
Received Import Request.
  Time since last request: 18.514698 seconds.
  path: Assets/background.blend
  artifactKey: Guid(fccb3e3c293e16941af0da0b7b96ca20) Importer(815301076,1909f56bfc062723c751e8b465ee728b)
Start importing Assets/background.blend using Guid(fccb3e3c293e16941af0da0b7b96ca20) Importer(815301076,1909f56bfc062723c751e8b465ee728b)  -> (artifact id: 'be166e928cbf7a62b8b7484b10c111fa') in 0.040409 seconds
  Import took 0.043623 seconds .

========================================================================
Received Import Request.
  Time since last request: 22.882069 seconds.
  path: Assets/enemy ship.blend
  artifactKey: Guid(f20be16f7f5f0b94eb72a21aab9422ba) Importer(815301076,1909f56bfc062723c751e8b465ee728b)
Start importing Assets/enemy ship.blend using Guid(f20be16f7f5f0b94eb72a21aab9422ba) Importer(815301076,1909f56bfc062723c751e8b465ee728b)  -> (artifact id: 'c806fdf82774fb3605018eda09486a1b') in 0.046075 seconds
  Import took 0.049189 seconds .

========================================================================
Received Import Request.
  Time since last request: 15.820631 seconds.
  path: Assets/background.blend
  artifactKey: Guid(fccb3e3c293e16941af0da0b7b96ca20) Importer(815301076,1909f56bfc062723c751e8b465ee728b)
Start importing Assets/background.blend using Guid(fccb3e3c293e16941af0da0b7b96ca20) Importer(815301076,1909f56bfc062723c751e8b465ee728b)  -> (artifact id: 'c409b64fdc545708c8a38df135899633') in 0.042492 seconds
  Import took 0.045993 seconds .

========================================================================
Received Import Request.
  Time since last request: 42.536949 seconds.
  path: Assets/enemy ship.blend
  artifactKey: Guid(f20be16f7f5f0b94eb72a21aab9422ba) Importer(815301076,1909f56bfc062723c751e8b465ee728b)
Start importing Assets/enemy ship.blend using Guid(f20be16f7f5f0b94eb72a21aab9422ba) Importer(815301076,1909f56bfc062723c751e8b465ee728b)  -> (artifact id: '8d85182047c8629945464e60434f88ce') in 0.046537 seconds
  Import took 0.050521 seconds .

========================================================================
Received Import Request.
  Time since last request: 24.748041 seconds.
  path: Assets/enemy ship.blend
  artifactKey: Guid(f20be16f7f5f0b94eb72a21aab9422ba) Importer(815301076,1909f56bfc062723c751e8b465ee728b)
Start importing Assets/enemy ship.blend using Guid(f20be16f7f5f0b94eb72a21aab9422ba) Importer(815301076,1909f56bfc062723c751e8b465ee728b)  -> (artifact id: '375f8f88816e8622fd38e44bce3594aa') in 0.042968 seconds
  Import took 0.045985 seconds .

========================================================================
Received Import Request.
  Time since last request: 42.645734 seconds.
  path: Assets/enemy ship.blend
  artifactKey: Guid(f20be16f7f5f0b94eb72a21aab9422ba) Importer(815301076,1909f56bfc062723c751e8b465ee728b)
Start importing Assets/enemy ship.blend using Guid(f20be16f7f5f0b94eb72a21aab9422ba) Importer(815301076,1909f56bfc062723c751e8b465ee728b)  -> (artifact id: 'ba920ce7f2023c0787a4b6337b0e2aff') in 0.052150 seconds
  Import took 0.055783 seconds .

========================================================================
Received Import Request.
  Time since last request: 38.810772 seconds.
  path: Assets/enemy ship.blend
  artifactKey: Guid(f20be16f7f5f0b94eb72a21aab9422ba) Importer(815301076,1909f56bfc062723c751e8b465ee728b)
Start importing Assets/enemy ship.blend using Guid(f20be16f7f5f0b94eb72a21aab9422ba) Importer(815301076,1909f56bfc062723c751e8b465ee728b)  -> (artifact id: '9b4399e9d5d459cf96b2058e90d8bb4c') in 0.055936 seconds
  Import took 0.060344 seconds .

========================================================================
Received Import Request.
  Time since last request: 41.791915 seconds.
  path: Assets/enemy ship.blend
  artifactKey: Guid(f20be16f7f5f0b94eb72a21aab9422ba) Importer(815301076,1909f56bfc062723c751e8b465ee728b)
Start importing Assets/enemy ship.blend using Guid(f20be16f7f5f0b94eb72a21aab9422ba) Importer(815301076,1909f56bfc062723c751e8b465ee728b)  -> (artifact id: '816681e15274da3f2d704a2243918abc') in 0.049039 seconds
  Import took 0.053881 seconds .

========================================================================
Received Import Request.
  Time since last request: 59.017494 seconds.
  path: Assets/enemy ship.blend
  artifactKey: Guid(f20be16f7f5f0b94eb72a21aab9422ba) Importer(815301076,1909f56bfc062723c751e8b465ee728b)
Start importing Assets/enemy ship.blend using Guid(f20be16f7f5f0b94eb72a21aab9422ba) Importer(815301076,1909f56bfc062723c751e8b465ee728b)  -> (artifact id: 'ee0ae1565bd1b24cd02874f07a344336') in 0.045448 seconds
  Import took 0.048931 seconds .

========================================================================
Received Import Request.
  Time since last request: 32.933116 seconds.
  path: Assets/enemy ship.blend
  artifactKey: Guid(f20be16f7f5f0b94eb72a21aab9422ba) Importer(815301076,1909f56bfc062723c751e8b465ee728b)
Start importing Assets/enemy ship.blend using Guid(f20be16f7f5f0b94eb72a21aab9422ba) Importer(815301076,1909f56bfc062723c751e8b465ee728b)  -> (artifact id: 'c5b4e34b63e655fb481db27729a936a0') in 0.045902 seconds
  Import took 0.050747 seconds .

========================================================================
Received Import Request.
  Time since last request: 44.739282 seconds.
  path: Assets/enemy ship.blend
  artifactKey: Guid(f20be16f7f5f0b94eb72a21aab9422ba) Importer(815301076,1909f56bfc062723c751e8b465ee728b)
Start importing Assets/enemy ship.blend using Guid(f20be16f7f5f0b94eb72a21aab9422ba) Importer(815301076,1909f56bfc062723c751e8b465ee728b)  -> (artifact id: '2196643aa74e6cc176e5c2096cf28f8e') in 0.046400 seconds
  Import took 0.049684 seconds .

========================================================================
Received Import Request.
  Time since last request: 58.197435 seconds.
  path: Assets/enemy ship.blend
  artifactKey: Guid(f20be16f7f5f0b94eb72a21aab9422ba) Importer(815301076,1909f56bfc062723c751e8b465ee728b)
Start importing Assets/enemy ship.blend using Guid(f20be16f7f5f0b94eb72a21aab9422ba) Importer(815301076,1909f56bfc062723c751e8b465ee728b)  -> (artifact id: '418720d6ea6aa329c538bd3e05c89d84') in 0.049489 seconds
  Import took 0.053140 seconds .

========================================================================
Received Import Request.
  Time since last request: 23.899062 seconds.
  path: Assets/enemy ship.blend
  artifactKey: Guid(f20be16f7f5f0b94eb72a21aab9422ba) Importer(815301076,1909f56bfc062723c751e8b465ee728b)
Start importing Assets/enemy ship.blend using Guid(f20be16f7f5f0b94eb72a21aab9422ba) Importer(815301076,1909f56bfc062723c751e8b465ee728b)  -> (artifact id: '4b191cd8a01179579046f9a6ffe68732') in 0.041780 seconds
  Import took 0.045606 seconds .

========================================================================
Received Import Request.
  Time since last request: 24.939556 seconds.
  path: Assets/enemy ship.blend
  artifactKey: Guid(f20be16f7f5f0b94eb72a21aab9422ba) Importer(815301076,1909f56bfc062723c751e8b465ee728b)
Start importing Assets/enemy ship.blend using Guid(f20be16f7f5f0b94eb72a21aab9422ba) Importer(815301076,1909f56bfc062723c751e8b465ee728b)  -> (artifact id: '55c158eec635d6fa41eff87fa7215588') in 0.042092 seconds
  Import took 0.045185 seconds .

========================================================================
Received Import Request.
  Time since last request: 25.339690 seconds.
  path: Assets/background.blend
  artifactKey: Guid(fccb3e3c293e16941af0da0b7b96ca20) Importer(815301076,1909f56bfc062723c751e8b465ee728b)
Start importing Assets/background.blend using Guid(fccb3e3c293e16941af0da0b7b96ca20) Importer(815301076,1909f56bfc062723c751e8b465ee728b)  -> (artifact id: '3fb9156eefa8bdea5c6d9b5a0d6955c3') in 0.040354 seconds
  Import took 0.043918 seconds .

AssetImportWorkerClient::OnTransportError - code=2 error=End of file
