Using pre-set license
Built from '2020.2/release' branch; Version is '2020.2.1f1 (270dd8c3da1c) revision 2559448'; Using compiler version '192528614'; Build Type 'Release'
OS: 'Windows 10  (10.0.0) 64bit' Language: 'en' Physical Memory: 16234 MB
BatchMode: 1, IsHumanControllingUs: 0, StartBugReporterOnCrash: 0, Is64bit: 1, IsPro: 0

 COMMAND LINE ARGUMENTS:
C:\Program Files\Unity\Hub\Editor\2020.2.1f1\Editor\Unity.exe
-adb2
-batchMode
-noUpm
-name
AssetImportWorker0
-projectPath
C:/Users/David/OneDrive/Documents/Unity projects/Indiequest Challange 5
-logFile
Logs/AssetImportWorker0.log
-srvPort
54891
Successfully changed project path to: C:/Users/David/OneDrive/Documents/Unity projects/Indiequest Challange 5
C:/Users/David/OneDrive/Documents/Unity projects/Indiequest Challange 5
Using Asset Import Pipeline V2.
Refreshing native plugins compatible for Editor in 21.09 ms, found 0 plugins.
Preloading 0 native plugins for Editor in 0.00 ms.
Initialize engine version: 2020.2.1f1 (270dd8c3da1c)
[Subsystems] Discovering subsystems at path C:/Program Files/Unity/Hub/Editor/2020.2.1f1/Editor/Data/Resources/UnitySubsystems
[Subsystems] Discovering subsystems at path C:/Users/David/OneDrive/Documents/Unity projects/Indiequest Challange 5/Assets
GfxDevice: creating device client; threaded=0
Direct3D:
    Version:  Direct3D 11.0 [level 11.1]
    Renderer: NVIDIA GeForce RTX 2060 (ID=0x1f11)
    Vendor:   
    VRAM:     5980 MB
    Driver:   26.21.14.3187
Initialize mono
Mono path[0] = 'C:/Program Files/Unity/Hub/Editor/2020.2.1f1/Editor/Data/Managed'
Mono path[1] = 'C:/Program Files/Unity/Hub/Editor/2020.2.1f1/Editor/Data/MonoBleedingEdge/lib/mono/unityjit'
Mono config path = 'C:/Program Files/Unity/Hub/Editor/2020.2.1f1/Editor/Data/MonoBleedingEdge/etc'
Using monoOptions --debugger-agent=transport=dt_socket,embedding=1,server=y,suspend=n,address=127.0.0.1:56376
Begin MonoManager ReloadAssembly
Registering precompiled unity dll's ...
Register platform support module: C:/Program Files/Unity/Hub/Editor/2020.2.1f1/Editor/Data/PlaybackEngines/WindowsStandaloneSupport/UnityEditor.WindowsStandalone.Extensions.dll
Registered in 0.001747 seconds.
Native extension for WindowsStandalone target not found
Refreshing native plugins compatible for Editor in 23.49 ms, found 0 plugins.
Preloading 0 native plugins for Editor in 0.00 ms.
Invoked RoslynAnalysisRunner static constructor.
RoslynAnalysisRunner will not be running.
RoslynAnalysisRunner has terminated.
Mono: successfully reloaded assembly
- Completed reload, in  1.066 seconds
Platform modules already initialized, skipping
Registering precompiled user dll's ...
Registered in 0.000730 seconds.
Begin MonoManager ReloadAssembly
Native extension for WindowsStandalone target not found
Refreshing native plugins compatible for Editor in 0.18 ms, found 0 plugins.
Preloading 0 native plugins for Editor in 0.00 ms.
Invoked RoslynAnalysisRunner static constructor.
RoslynAnalysisRunner will not be running.
RoslynAnalysisRunner has terminated.
Mono: successfully reloaded assembly
- Completed reload, in  0.782 seconds
Platform modules already initialized, skipping
========================================================================
Worker process is ready to serve import requests
Launched and connected shader compiler UnityShaderCompiler.exe after 0.03 seconds
Refreshing native plugins compatible for Editor in 0.32 ms, found 0 plugins.
Preloading 0 native plugins for Editor in 0.00 ms.
Unloading 1110 Unused Serialized files (Serialized files now loaded: 0)
System memory in use before: 57.7 MB.
System memory in use after: 57.8 MB.

Unloading 10 unused Assets to reduce memory usage. Loaded Objects now: 1549.
Total: 1.725000 ms (FindLiveObjects: 0.226800 ms CreateObjectMapping: 0.071000 ms MarkObjects: 1.367900 ms  DeleteObjects: 0.057100 ms)

========================================================================
Received Import Request.
  path: Assets/Challenge 5/Challenge 5.unity
  artifactKey: Guid(2c85e4f6638394ea8b8154a3b832357b) Importer(815301076,1909f56bfc062723c751e8b465ee728b)
Start importing Assets/Challenge 5/Challenge 5.unity using Guid(2c85e4f6638394ea8b8154a3b832357b) Importer(815301076,1909f56bfc062723c751e8b465ee728b)  -> (artifact id: '45bab8c2abf6577db4874e47dc39c01d') in 0.015065 seconds
  Import took 0.017286 seconds .

========================================================================
Received Import Request.
  Time since last request: 0.000173 seconds.
  path: Assets/Challenge 5
  artifactKey: Guid(a1be4f594b7c548b48751b09894ce7a7) Importer(815301076,1909f56bfc062723c751e8b465ee728b)
Start importing Assets/Challenge 5 using Guid(a1be4f594b7c548b48751b09894ce7a7) Importer(815301076,1909f56bfc062723c751e8b465ee728b)  -> (artifact id: '9c316bc2d46e34d5b383f51b94123e27') in 0.007730 seconds
  Import took 0.009707 seconds .

========================================================================
Received Import Request.
  Time since last request: 120.817069 seconds.
  path: Assets/Challenge 5/Challenge 5Settings.lighting
  artifactKey: Guid(1fa54aa18932b5f49b7a51250f954c9f) Importer(815301076,1909f56bfc062723c751e8b465ee728b)
Start importing Assets/Challenge 5/Challenge 5Settings.lighting using Guid(1fa54aa18932b5f49b7a51250f954c9f) Importer(815301076,1909f56bfc062723c751e8b465ee728b)  -> (artifact id: 'f008539f3555dec35ec4c1c4d166c8df') in 0.029323 seconds
  Import took 0.032432 seconds .

========================================================================
Received Import Request.
  Time since last request: 0.000494 seconds.
  path: Assets/Challenge 5/Challenge 5Settings.lighting
  artifactKey: Guid(1fa54aa18932b5f49b7a51250f954c9f) Importer(815301076,1909f56bfc062723c751e8b465ee728b)
Start importing Assets/Challenge 5/Challenge 5Settings.lighting using Guid(1fa54aa18932b5f49b7a51250f954c9f) Importer(815301076,1909f56bfc062723c751e8b465ee728b)  -> (artifact id: 'f008539f3555dec35ec4c1c4d166c8df') in 0.004498 seconds
  Import took 0.006836 seconds .

========================================================================
Received Import Request.
  Time since last request: 76.450556 seconds.
  path: Assets/Challenge 5/Scripts
  artifactKey: Guid(e9bcd6efc60ab413cab3d42746a739ef) Importer(815301076,1909f56bfc062723c751e8b465ee728b)
Start importing Assets/Challenge 5/Scripts using Guid(e9bcd6efc60ab413cab3d42746a739ef) Importer(815301076,1909f56bfc062723c751e8b465ee728b)  -> (artifact id: 'a2ff257c10eb6835d61465e9a4e79bc0') in 0.007735 seconds
  Import took 0.009762 seconds .

========================================================================
Received Import Request.
  Time since last request: 0.005453 seconds.
  path: Assets/Challenge 5/Scripts
  artifactKey: Guid(e9bcd6efc60ab413cab3d42746a739ef) Importer(815301076,1909f56bfc062723c751e8b465ee728b)
Start importing Assets/Challenge 5/Scripts using Guid(e9bcd6efc60ab413cab3d42746a739ef) Importer(815301076,1909f56bfc062723c751e8b465ee728b)  -> (artifact id: 'a2ff257c10eb6835d61465e9a4e79bc0') in 0.003326 seconds
  Import took 0.005480 seconds .

========================================================================
Received Import Request.
  Time since last request: 4.921387 seconds.
  path: Assets/Challenge 5/Scripts/DestroyObjectX.cs
  artifactKey: Guid(d6da289543d5e4a58ae451e7528046a0) Importer(815301076,1909f56bfc062723c751e8b465ee728b)
Start importing Assets/Challenge 5/Scripts/DestroyObjectX.cs using Guid(d6da289543d5e4a58ae451e7528046a0) Importer(815301076,1909f56bfc062723c751e8b465ee728b)  -> (artifact id: '91eeb066707893f66f9113bc137ce24c') in 0.010717 seconds
  Import took 0.012311 seconds .

========================================================================
Received Import Request.
  Time since last request: 0.000507 seconds.
  path: Assets/Challenge 5/Scripts/DestroyObjectX.cs
  artifactKey: Guid(d6da289543d5e4a58ae451e7528046a0) Importer(815301076,1909f56bfc062723c751e8b465ee728b)
Start importing Assets/Challenge 5/Scripts/DestroyObjectX.cs using Guid(d6da289543d5e4a58ae451e7528046a0) Importer(815301076,1909f56bfc062723c751e8b465ee728b)  -> (artifact id: '91eeb066707893f66f9113bc137ce24c') in 0.004512 seconds
  Import took 0.006909 seconds .

========================================================================
Received Prepare
Registering precompiled user dll's ...
Registered in 0.000676 seconds.
Begin MonoManager ReloadAssembly
Native extension for WindowsStandalone target not found
Refreshing native plugins compatible for Editor in 0.19 ms, found 0 plugins.
Preloading 0 native plugins for Editor in 0.00 ms.
Invoked RoslynAnalysisRunner static constructor.
RoslynAnalysisRunner will not be running.
RoslynAnalysisRunner has terminated.
Mono: successfully reloaded assembly
- Completed reload, in  0.759 seconds
Platform modules already initialized, skipping
Refreshing native plugins compatible for Editor in 0.28 ms, found 0 plugins.
Preloading 0 native plugins for Editor in 0.00 ms.
Unloading 1093 Unused Serialized files (Serialized files now loaded: 0)
System memory in use before: 56.9 MB.
System memory in use after: 57.0 MB.

Unloading 5 unused Assets to reduce memory usage. Loaded Objects now: 1551.
Total: 1.564600 ms (FindLiveObjects: 0.168000 ms CreateObjectMapping: 0.035900 ms MarkObjects: 1.307800 ms  DeleteObjects: 0.051400 ms)

========================================================================
Received Import Request.
  Time since last request: 77.260364 seconds.
  path: Assets/Challenge 5/Scripts/DifficultyButtonX.cs
  artifactKey: Guid(c82f487199cba435ead2b04905b1c9b9) Importer(815301076,1909f56bfc062723c751e8b465ee728b)
Start importing Assets/Challenge 5/Scripts/DifficultyButtonX.cs using Guid(c82f487199cba435ead2b04905b1c9b9) Importer(815301076,1909f56bfc062723c751e8b465ee728b)  -> (artifact id: '68422cfa88e6f85e007fe78d5336fe1b') in 0.010256 seconds
  Import took 0.012217 seconds .

========================================================================
Received Import Request.
  Time since last request: 2.363190 seconds.
  path: Assets/Challenge 5/Scripts/GameManagerX.cs
  artifactKey: Guid(6467173372bc44b9cacdcd25af1c28bc) Importer(815301076,1909f56bfc062723c751e8b465ee728b)
Start importing Assets/Challenge 5/Scripts/GameManagerX.cs using Guid(6467173372bc44b9cacdcd25af1c28bc) Importer(815301076,1909f56bfc062723c751e8b465ee728b)  -> (artifact id: 'fc9760ec26cefb9a889746a1a38bf1b0') in 0.007804 seconds
  Import took 0.009857 seconds .

========================================================================
Received Import Request.
  Time since last request: 0.020428 seconds.
  path: Assets/Challenge 5/Scripts/GameManagerX.cs
  artifactKey: Guid(6467173372bc44b9cacdcd25af1c28bc) Importer(815301076,1909f56bfc062723c751e8b465ee728b)
Start importing Assets/Challenge 5/Scripts/GameManagerX.cs using Guid(6467173372bc44b9cacdcd25af1c28bc) Importer(815301076,1909f56bfc062723c751e8b465ee728b)  -> (artifact id: 'fc9760ec26cefb9a889746a1a38bf1b0') in 0.005223 seconds
  Import took 0.007423 seconds .

========================================================================
Received Import Request.
  Time since last request: 1.670476 seconds.
  path: Assets/Challenge 5/Scripts/TargetX.cs
  artifactKey: Guid(629360cc36e724222b73cadfd418f267) Importer(815301076,1909f56bfc062723c751e8b465ee728b)
Start importing Assets/Challenge 5/Scripts/TargetX.cs using Guid(629360cc36e724222b73cadfd418f267) Importer(815301076,1909f56bfc062723c751e8b465ee728b)  -> (artifact id: '557986b3b44f38e6206c31a276242259') in 0.008282 seconds
  Import took 0.010604 seconds .

========================================================================
Received Import Request.
  Time since last request: 47.918568 seconds.
  path: Assets/Challenge 5/Prefabs/Cookie.prefab
  artifactKey: Guid(9cc97627ed18b449695d703ab651f5cd) Importer(815301076,1909f56bfc062723c751e8b465ee728b)
Start importing Assets/Challenge 5/Prefabs/Cookie.prefab using Guid(9cc97627ed18b449695d703ab651f5cd) Importer(815301076,1909f56bfc062723c751e8b465ee728b)  -> (artifact id: '17c764adceef1ed4f15e6d4364ca50ad') in 0.198670 seconds
  Import took 0.200545 seconds .

========================================================================
Received Import Request.
  Time since last request: 0.000245 seconds.
  path: Assets/Challenge 5/Prefabs/Pizza.prefab
  artifactKey: Guid(11bccc60726374a918b5c73120d47ab3) Importer(815301076,1909f56bfc062723c751e8b465ee728b)
Start importing Assets/Challenge 5/Prefabs/Pizza.prefab using Guid(11bccc60726374a918b5c73120d47ab3) Importer(815301076,1909f56bfc062723c751e8b465ee728b)  -> (artifact id: '0588cd3e9316734c665bc0a6e91b4b8a') in 0.023683 seconds
  Import took 0.027083 seconds .

========================================================================
Received Import Request.
  Time since last request: 0.000221 seconds.
  path: Assets/Challenge 5/Prefabs/Skull.prefab
  artifactKey: Guid(591e0b0a9b4dd4709ad61b99dabf57ef) Importer(815301076,1909f56bfc062723c751e8b465ee728b)
Start importing Assets/Challenge 5/Prefabs/Skull.prefab using Guid(591e0b0a9b4dd4709ad61b99dabf57ef) Importer(815301076,1909f56bfc062723c751e8b465ee728b)  -> (artifact id: '4a3ee8680ef3623e7282c92ca2049703') in 0.039480 seconds
  Import took 0.042460 seconds .

========================================================================
Received Import Request.
  Time since last request: 0.000162 seconds.
  path: Assets/Challenge 5/Prefabs/Pizza.prefab
  artifactKey: Guid(11bccc60726374a918b5c73120d47ab3) Importer(815301076,1909f56bfc062723c751e8b465ee728b)
Start importing Assets/Challenge 5/Prefabs/Pizza.prefab using Guid(11bccc60726374a918b5c73120d47ab3) Importer(815301076,1909f56bfc062723c751e8b465ee728b)  -> (artifact id: '0588cd3e9316734c665bc0a6e91b4b8a') in 0.016860 seconds
  Import took 0.019369 seconds .

========================================================================
Received Import Request.
  Time since last request: 0.000170 seconds.
  path: Assets/Challenge 5/Prefabs/Steak.prefab
  artifactKey: Guid(c5bbabce5ea79419488492993bfdadf0) Importer(815301076,1909f56bfc062723c751e8b465ee728b)
Start importing Assets/Challenge 5/Prefabs/Steak.prefab using Guid(c5bbabce5ea79419488492993bfdadf0) Importer(815301076,1909f56bfc062723c751e8b465ee728b)  -> (artifact id: 'dcff0770e22ceda95f74f8e4600d316e') in 0.025529 seconds
  Import took 0.028956 seconds .

========================================================================
Received Prepare
Registering precompiled user dll's ...
Registered in 0.000754 seconds.
Begin MonoManager ReloadAssembly
Native extension for WindowsStandalone target not found
Refreshing native plugins compatible for Editor in 0.19 ms, found 0 plugins.
Preloading 0 native plugins for Editor in 0.00 ms.
Invoked RoslynAnalysisRunner static constructor.
RoslynAnalysisRunner will not be running.
RoslynAnalysisRunner has terminated.
Mono: successfully reloaded assembly
- Completed reload, in  0.844 seconds
Platform modules already initialized, skipping
Refreshing native plugins compatible for Editor in 0.20 ms, found 0 plugins.
Preloading 0 native plugins for Editor in 0.00 ms.
Unloading 1093 Unused Serialized files (Serialized files now loaded: 0)
System memory in use before: 60.6 MB.
System memory in use after: 60.7 MB.

Unloading 5 unused Assets to reduce memory usage. Loaded Objects now: 1563.
Total: 1.450100 ms (FindLiveObjects: 0.162100 ms CreateObjectMapping: 0.036400 ms MarkObjects: 1.211100 ms  DeleteObjects: 0.039300 ms)

========================================================================
Received Import Request.
  Time since last request: 223.257265 seconds.
  path: Assets/Challenge 5/Scripts/TargetX.cs
  artifactKey: Guid(629360cc36e724222b73cadfd418f267) Importer(815301076,1909f56bfc062723c751e8b465ee728b)
Start importing Assets/Challenge 5/Scripts/TargetX.cs using Guid(629360cc36e724222b73cadfd418f267) Importer(815301076,1909f56bfc062723c751e8b465ee728b)  -> (artifact id: '991065e10a2b9eb15dda4d6f8f166b72') in 0.009221 seconds
  Import took 0.011381 seconds .

========================================================================
Received Prepare
Registering precompiled user dll's ...
Registered in 0.000699 seconds.
Begin MonoManager ReloadAssembly
Native extension for WindowsStandalone target not found
Refreshing native plugins compatible for Editor in 0.19 ms, found 0 plugins.
Preloading 0 native plugins for Editor in 0.00 ms.
Invoked RoslynAnalysisRunner static constructor.
RoslynAnalysisRunner will not be running.
RoslynAnalysisRunner has terminated.
Mono: successfully reloaded assembly
- Completed reload, in  0.780 seconds
Platform modules already initialized, skipping
Refreshing native plugins compatible for Editor in 0.19 ms, found 0 plugins.
Preloading 0 native plugins for Editor in 0.00 ms.
Unloading 1093 Unused Serialized files (Serialized files now loaded: 0)
System memory in use before: 60.8 MB.
System memory in use after: 60.9 MB.

Unloading 5 unused Assets to reduce memory usage. Loaded Objects now: 1565.
Total: 2.258700 ms (FindLiveObjects: 0.227200 ms CreateObjectMapping: 0.077600 ms MarkObjects: 1.892500 ms  DeleteObjects: 0.059700 ms)

========================================================================
Received Prepare
Registering precompiled user dll's ...
Registered in 0.000731 seconds.
Begin MonoManager ReloadAssembly
Native extension for WindowsStandalone target not found
Refreshing native plugins compatible for Editor in 0.20 ms, found 0 plugins.
Preloading 0 native plugins for Editor in 0.00 ms.
Invoked RoslynAnalysisRunner static constructor.
RoslynAnalysisRunner will not be running.
RoslynAnalysisRunner has terminated.
Mono: successfully reloaded assembly
- Completed reload, in  0.739 seconds
Platform modules already initialized, skipping
Refreshing native plugins compatible for Editor in 0.25 ms, found 0 plugins.
Preloading 0 native plugins for Editor in 0.00 ms.
Unloading 1093 Unused Serialized files (Serialized files now loaded: 0)
System memory in use before: 61.0 MB.
System memory in use after: 61.0 MB.

Unloading 5 unused Assets to reduce memory usage. Loaded Objects now: 1567.
Total: 1.703800 ms (FindLiveObjects: 0.175600 ms CreateObjectMapping: 0.054500 ms MarkObjects: 1.431800 ms  DeleteObjects: 0.040500 ms)

========================================================================
Received Prepare
Registering precompiled user dll's ...
Registered in 0.001075 seconds.
Begin MonoManager ReloadAssembly
Native extension for WindowsStandalone target not found
Refreshing native plugins compatible for Editor in 0.21 ms, found 0 plugins.
Preloading 0 native plugins for Editor in 0.00 ms.
Invoked RoslynAnalysisRunner static constructor.
RoslynAnalysisRunner will not be running.
RoslynAnalysisRunner has terminated.
Mono: successfully reloaded assembly
- Completed reload, in  0.782 seconds
Platform modules already initialized, skipping
Refreshing native plugins compatible for Editor in 0.19 ms, found 0 plugins.
Preloading 0 native plugins for Editor in 0.00 ms.
Unloading 1093 Unused Serialized files (Serialized files now loaded: 0)
System memory in use before: 61.1 MB.
System memory in use after: 61.2 MB.

Unloading 5 unused Assets to reduce memory usage. Loaded Objects now: 1569.
Total: 1.684000 ms (FindLiveObjects: 0.197500 ms CreateObjectMapping: 0.062400 ms MarkObjects: 1.378600 ms  DeleteObjects: 0.044400 ms)

========================================================================
Received Prepare
Registering precompiled user dll's ...
Registered in 0.001034 seconds.
Begin MonoManager ReloadAssembly
Native extension for WindowsStandalone target not found
Refreshing native plugins compatible for Editor in 0.20 ms, found 0 plugins.
Preloading 0 native plugins for Editor in 0.00 ms.
Invoked RoslynAnalysisRunner static constructor.
RoslynAnalysisRunner will not be running.
RoslynAnalysisRunner has terminated.
Mono: successfully reloaded assembly
- Completed reload, in  0.853 seconds
Platform modules already initialized, skipping
Refreshing native plugins compatible for Editor in 0.31 ms, found 0 plugins.
Preloading 0 native plugins for Editor in 0.00 ms.
Unloading 1093 Unused Serialized files (Serialized files now loaded: 0)
System memory in use before: 61.2 MB.
System memory in use after: 61.3 MB.

Unloading 5 unused Assets to reduce memory usage. Loaded Objects now: 1571.
Total: 2.173900 ms (FindLiveObjects: 0.212600 ms CreateObjectMapping: 0.078200 ms MarkObjects: 1.829500 ms  DeleteObjects: 0.052000 ms)

========================================================================
Received Prepare
Registering precompiled user dll's ...
Registered in 0.000669 seconds.
Begin MonoManager ReloadAssembly
Native extension for WindowsStandalone target not found
Refreshing native plugins compatible for Editor in 0.31 ms, found 0 plugins.
Preloading 0 native plugins for Editor in 0.00 ms.
Invoked RoslynAnalysisRunner static constructor.
RoslynAnalysisRunner will not be running.
RoslynAnalysisRunner has terminated.
Mono: successfully reloaded assembly
- Completed reload, in  0.738 seconds
Platform modules already initialized, skipping
Refreshing native plugins compatible for Editor in 0.31 ms, found 0 plugins.
Preloading 0 native plugins for Editor in 0.00 ms.
Unloading 1093 Unused Serialized files (Serialized files now loaded: 0)
System memory in use before: 61.4 MB.
System memory in use after: 61.5 MB.

Unloading 5 unused Assets to reduce memory usage. Loaded Objects now: 1573.
Total: 1.446000 ms (FindLiveObjects: 0.151400 ms CreateObjectMapping: 0.045200 ms MarkObjects: 1.207600 ms  DeleteObjects: 0.040700 ms)

========================================================================
Received Prepare
Registering precompiled user dll's ...
Registered in 0.000741 seconds.
Begin MonoManager ReloadAssembly
Native extension for WindowsStandalone target not found
Refreshing native plugins compatible for Editor in 0.20 ms, found 0 plugins.
Preloading 0 native plugins for Editor in 0.00 ms.
Invoked RoslynAnalysisRunner static constructor.
RoslynAnalysisRunner will not be running.
RoslynAnalysisRunner has terminated.
Mono: successfully reloaded assembly
- Completed reload, in  0.759 seconds
Platform modules already initialized, skipping
Refreshing native plugins compatible for Editor in 0.22 ms, found 0 plugins.
Preloading 0 native plugins for Editor in 0.00 ms.
Unloading 1093 Unused Serialized files (Serialized files now loaded: 0)
System memory in use before: 61.6 MB.
System memory in use after: 61.7 MB.

Unloading 5 unused Assets to reduce memory usage. Loaded Objects now: 1575.
Total: 1.730700 ms (FindLiveObjects: 0.175200 ms CreateObjectMapping: 0.039500 ms MarkObjects: 1.473900 ms  DeleteObjects: 0.041100 ms)

========================================================================
Received Prepare
Registering precompiled user dll's ...
Registered in 0.000976 seconds.
Begin MonoManager ReloadAssembly
Native extension for WindowsStandalone target not found
Refreshing native plugins compatible for Editor in 0.19 ms, found 0 plugins.
Preloading 0 native plugins for Editor in 0.00 ms.
Invoked RoslynAnalysisRunner static constructor.
RoslynAnalysisRunner will not be running.
RoslynAnalysisRunner has terminated.
Mono: successfully reloaded assembly
- Completed reload, in  0.755 seconds
Platform modules already initialized, skipping
Refreshing native plugins compatible for Editor in 0.19 ms, found 0 plugins.
Preloading 0 native plugins for Editor in 0.00 ms.
Unloading 1093 Unused Serialized files (Serialized files now loaded: 0)
System memory in use before: 61.7 MB.
System memory in use after: 61.8 MB.

Unloading 5 unused Assets to reduce memory usage. Loaded Objects now: 1577.
Total: 1.567500 ms (FindLiveObjects: 0.135500 ms CreateObjectMapping: 0.046200 ms MarkObjects: 1.339800 ms  DeleteObjects: 0.044600 ms)

========================================================================
Received Prepare
Registering precompiled user dll's ...
Registered in 0.000720 seconds.
Begin MonoManager ReloadAssembly
Native extension for WindowsStandalone target not found
Refreshing native plugins compatible for Editor in 0.19 ms, found 0 plugins.
Preloading 0 native plugins for Editor in 0.00 ms.
Invoked RoslynAnalysisRunner static constructor.
RoslynAnalysisRunner will not be running.
RoslynAnalysisRunner has terminated.
Mono: successfully reloaded assembly
- Completed reload, in  0.759 seconds
Platform modules already initialized, skipping
Refreshing native plugins compatible for Editor in 0.29 ms, found 0 plugins.
Preloading 0 native plugins for Editor in 0.00 ms.
Unloading 1093 Unused Serialized files (Serialized files now loaded: 0)
System memory in use before: 61.9 MB.
System memory in use after: 62.0 MB.

Unloading 5 unused Assets to reduce memory usage. Loaded Objects now: 1579.
Total: 1.475600 ms (FindLiveObjects: 0.125300 ms CreateObjectMapping: 0.034800 ms MarkObjects: 1.272100 ms  DeleteObjects: 0.042200 ms)

========================================================================
Received Prepare
Registering precompiled user dll's ...
Registered in 0.000700 seconds.
Begin MonoManager ReloadAssembly
Native extension for WindowsStandalone target not found
Refreshing native plugins compatible for Editor in 0.28 ms, found 0 plugins.
Preloading 0 native plugins for Editor in 0.00 ms.
Invoked RoslynAnalysisRunner static constructor.
RoslynAnalysisRunner will not be running.
RoslynAnalysisRunner has terminated.
Mono: successfully reloaded assembly
- Completed reload, in  0.772 seconds
Platform modules already initialized, skipping
Refreshing native plugins compatible for Editor in 0.23 ms, found 0 plugins.
Preloading 0 native plugins for Editor in 0.00 ms.
Unloading 1093 Unused Serialized files (Serialized files now loaded: 0)
System memory in use before: 62.1 MB.
System memory in use after: 62.2 MB.

Unloading 5 unused Assets to reduce memory usage. Loaded Objects now: 1581.
Total: 1.867000 ms (FindLiveObjects: 0.336100 ms CreateObjectMapping: 0.082300 ms MarkObjects: 1.381300 ms  DeleteObjects: 0.064900 ms)

========================================================================
Received Import Request.
  Time since last request: 1350.868211 seconds.
  path: Assets/Challenge 5/Scripts/GameManagerX.cs
  artifactKey: Guid(6467173372bc44b9cacdcd25af1c28bc) Importer(815301076,1909f56bfc062723c751e8b465ee728b)
Start importing Assets/Challenge 5/Scripts/GameManagerX.cs using Guid(6467173372bc44b9cacdcd25af1c28bc) Importer(815301076,1909f56bfc062723c751e8b465ee728b)  -> (artifact id: '8c5b906a42ff54dede9e5c00f83a0b9f') in 0.010828 seconds
  Import took 0.013324 seconds .

========================================================================
Received Import Request.
  Time since last request: 0.019169 seconds.
  path: Assets/Challenge 5/Scripts/GameManagerX.cs
  artifactKey: Guid(6467173372bc44b9cacdcd25af1c28bc) Importer(815301076,1909f56bfc062723c751e8b465ee728b)
Start importing Assets/Challenge 5/Scripts/GameManagerX.cs using Guid(6467173372bc44b9cacdcd25af1c28bc) Importer(815301076,1909f56bfc062723c751e8b465ee728b)  -> (artifact id: '8c5b906a42ff54dede9e5c00f83a0b9f') in 0.005409 seconds
  Import took 0.007629 seconds .

========================================================================
Received Prepare
Registering precompiled user dll's ...
Registered in 0.000735 seconds.
Begin MonoManager ReloadAssembly
Native extension for WindowsStandalone target not found
Refreshing native plugins compatible for Editor in 0.19 ms, found 0 plugins.
Preloading 0 native plugins for Editor in 0.00 ms.
Invoked RoslynAnalysisRunner static constructor.
RoslynAnalysisRunner will not be running.
RoslynAnalysisRunner has terminated.
Mono: successfully reloaded assembly
- Completed reload, in  0.772 seconds
Platform modules already initialized, skipping
Refreshing native plugins compatible for Editor in 0.33 ms, found 0 plugins.
Preloading 0 native plugins for Editor in 0.00 ms.
Unloading 1093 Unused Serialized files (Serialized files now loaded: 0)
System memory in use before: 62.3 MB.
System memory in use after: 62.3 MB.

Unloading 5 unused Assets to reduce memory usage. Loaded Objects now: 1583.
Total: 1.553100 ms (FindLiveObjects: 0.142900 ms CreateObjectMapping: 0.036600 ms MarkObjects: 1.321900 ms  DeleteObjects: 0.050200 ms)

========================================================================
Received Import Request.
  Time since last request: 627.078908 seconds.
  path: Assets/Challenge 5/Scripts/DifficultyButtonX.cs
  artifactKey: Guid(c82f487199cba435ead2b04905b1c9b9) Importer(815301076,1909f56bfc062723c751e8b465ee728b)
Start importing Assets/Challenge 5/Scripts/DifficultyButtonX.cs using Guid(c82f487199cba435ead2b04905b1c9b9) Importer(815301076,1909f56bfc062723c751e8b465ee728b)  -> (artifact id: '86137701f8eb3998a27fe43f63cd5b9f') in 0.010414 seconds
  Import took 0.012898 seconds .

========================================================================
Received Prepare
Registering precompiled user dll's ...
Registered in 0.000676 seconds.
Begin MonoManager ReloadAssembly
Native extension for WindowsStandalone target not found
Refreshing native plugins compatible for Editor in 0.19 ms, found 0 plugins.
Preloading 0 native plugins for Editor in 0.00 ms.
Invoked RoslynAnalysisRunner static constructor.
RoslynAnalysisRunner will not be running.
RoslynAnalysisRunner has terminated.
Mono: successfully reloaded assembly
- Completed reload, in  0.758 seconds
Platform modules already initialized, skipping
Refreshing native plugins compatible for Editor in 0.20 ms, found 0 plugins.
Preloading 0 native plugins for Editor in 0.00 ms.
Unloading 1093 Unused Serialized files (Serialized files now loaded: 0)
System memory in use before: 61.4 MB.
System memory in use after: 61.5 MB.

Unloading 5 unused Assets to reduce memory usage. Loaded Objects now: 1585.
Total: 1.619400 ms (FindLiveObjects: 0.278000 ms CreateObjectMapping: 0.051700 ms MarkObjects: 1.246900 ms  DeleteObjects: 0.041600 ms)

========================================================================
Received Prepare
Registering precompiled user dll's ...
Registered in 0.000687 seconds.
Begin MonoManager ReloadAssembly
Native extension for WindowsStandalone target not found
Refreshing native plugins compatible for Editor in 0.40 ms, found 0 plugins.
Preloading 0 native plugins for Editor in 0.00 ms.
Invoked RoslynAnalysisRunner static constructor.
RoslynAnalysisRunner will not be running.
RoslynAnalysisRunner has terminated.
Mono: successfully reloaded assembly
- Completed reload, in  0.759 seconds
Platform modules already initialized, skipping
Refreshing native plugins compatible for Editor in 0.19 ms, found 0 plugins.
Preloading 0 native plugins for Editor in 0.00 ms.
Unloading 1093 Unused Serialized files (Serialized files now loaded: 0)
System memory in use before: 61.6 MB.
System memory in use after: 61.6 MB.

Unloading 5 unused Assets to reduce memory usage. Loaded Objects now: 1587.
Total: 1.775300 ms (FindLiveObjects: 0.254800 ms CreateObjectMapping: 0.091900 ms MarkObjects: 1.382900 ms  DeleteObjects: 0.043700 ms)

AssetImportWorkerClient::OnTransportError - code=2 error=End of file
